2025-04-05T17:00:14.260-04:00  INFO 5030 --- [library-hexagonal] [restartedMain] c.library.LibraryHexagonalApplication    : Starting LibraryHexagonalApplication using Java 21.0.5 with PID 5030 (/Users/glopez/Documents/G/tp/library-hexagonal/target/classes started by glopez in /Users/glopez/Documents/G/tp/library-hexagonal)
2025-04-05T17:00:14.261-04:00 DEBUG 5030 --- [library-hexagonal] [restartedMain] c.library.LibraryHexagonalApplication    : Running with Spring Boot v3.2.4, Spring v6.1.5
2025-04-05T17:00:14.261-04:00  INFO 5030 --- [library-hexagonal] [restartedMain] c.library.LibraryHexagonalApplication    : No active profile set, falling back to 1 default profile: "default"
2025-04-05T17:00:14.275-04:00  INFO 5030 --- [library-hexagonal] [restartedMain] .e.DevToolsPropertyDefaultsPostProcessor : Devtools property defaults active! Set 'spring.devtools.add-properties' to 'false' to disable
2025-04-05T17:00:14.276-04:00  INFO 5030 --- [library-hexagonal] [restartedMain] .e.DevToolsPropertyDefaultsPostProcessor : For additional web related logging consider setting the 'logging.level.web' property to 'DEBUG'
2025-04-05T17:00:14.454-04:00  INFO 5030 --- [library-hexagonal] [restartedMain] .s.d.r.c.RepositoryConfigurationDelegate : Bootstrapping Spring Data JPA repositories in DEFAULT mode.
2025-04-05T17:00:14.460-04:00  INFO 5030 --- [library-hexagonal] [restartedMain] .s.d.r.c.RepositoryConfigurationDelegate : Finished Spring Data repository scanning in 3 ms. Found 0 JPA repository interfaces.
2025-04-05T17:00:14.644-04:00  INFO 5030 --- [library-hexagonal] [restartedMain] o.s.b.w.embedded.tomcat.TomcatWebServer  : Tomcat initialized with port 8080 (http)
2025-04-05T17:00:14.648-04:00  INFO 5030 --- [library-hexagonal] [restartedMain] o.apache.catalina.core.StandardService   : Starting service [Tomcat]
2025-04-05T17:00:14.648-04:00  INFO 5030 --- [library-hexagonal] [restartedMain] o.apache.catalina.core.StandardEngine    : Starting Servlet engine: [Apache Tomcat/10.1.19]
2025-04-05T17:00:14.664-04:00  INFO 5030 --- [library-hexagonal] [restartedMain] o.a.c.c.C.[Tomcat].[localhost].[/]       : Initializing Spring embedded WebApplicationContext
2025-04-05T17:00:14.664-04:00  INFO 5030 --- [library-hexagonal] [restartedMain] w.s.c.ServletWebServerApplicationContext : Root WebApplicationContext: initialization completed in 388 ms
2025-04-05T17:00:14.676-04:00  INFO 5030 --- [library-hexagonal] [restartedMain] com.zaxxer.hikari.HikariDataSource       : HikariPool-1 - Starting...
2025-04-05T17:00:14.744-04:00  INFO 5030 --- [library-hexagonal] [restartedMain] com.zaxxer.hikari.pool.HikariPool        : HikariPool-1 - Added connection conn0: url=jdbc:h2:mem:librarydb user=SA
2025-04-05T17:00:14.745-04:00  INFO 5030 --- [library-hexagonal] [restartedMain] com.zaxxer.hikari.HikariDataSource       : HikariPool-1 - Start completed.
2025-04-05T17:00:14.749-04:00  INFO 5030 --- [library-hexagonal] [restartedMain] o.s.b.a.h2.H2ConsoleAutoConfiguration    : H2 console available at '/h2-console'. Database available at 'jdbc:h2:mem:librarydb'
2025-04-05T17:00:14.792-04:00  INFO 5030 --- [library-hexagonal] [restartedMain] o.hibernate.jpa.internal.util.LogHelper  : HHH000204: Processing PersistenceUnitInfo [name: default]
2025-04-05T17:00:14.810-04:00  INFO 5030 --- [library-hexagonal] [restartedMain] org.hibernate.Version                    : HHH000412: Hibernate ORM core version 6.4.4.Final
2025-04-05T17:00:14.820-04:00  INFO 5030 --- [library-hexagonal] [restartedMain] o.h.c.internal.RegionFactoryInitiator    : HHH000026: Second-level cache disabled
2025-04-05T17:00:14.894-04:00  INFO 5030 --- [library-hexagonal] [restartedMain] o.s.o.j.p.SpringPersistenceUnitInfo      : No LoadTimeWeaver setup: ignoring JPA class transformer
2025-04-05T17:00:14.910-04:00  WARN 5030 --- [library-hexagonal] [restartedMain] org.hibernate.orm.deprecation            : HHH90000025: H2Dialect does not need to be specified explicitly using 'hibernate.dialect' (remove the property setting and it will be selected by default)
2025-04-05T17:00:15.024-04:00  INFO 5030 --- [library-hexagonal] [restartedMain] o.h.e.t.j.p.i.JtaPlatformInitiator       : HHH000489: No JTA platform available (set 'hibernate.transaction.jta.platform' to enable JTA platform integration)
2025-04-05T17:00:15.025-04:00  INFO 5030 --- [library-hexagonal] [restartedMain] j.LocalContainerEntityManagerFactoryBean : Initialized JPA EntityManagerFactory for persistence unit 'default'
2025-04-05T17:00:15.176-04:00  INFO 5030 --- [library-hexagonal] [restartedMain] o.s.b.d.a.OptionalLiveReloadServer       : LiveReload server is running on port 35729
2025-04-05T17:00:15.189-04:00  INFO 5030 --- [library-hexagonal] [restartedMain] o.s.b.w.embedded.tomcat.TomcatWebServer  : Tomcat started on port 8080 (http) with context path ''
2025-04-05T17:00:15.193-04:00  INFO 5030 --- [library-hexagonal] [restartedMain] c.library.LibraryHexagonalApplication    : Started LibraryHexagonalApplication in 1.058 seconds (process running for 1.296)
2025-04-05T17:00:26.835-04:00  INFO 5030 --- [library-hexagonal] [SpringApplicationShutdownHook] j.LocalContainerEntityManagerFactoryBean : Closing JPA EntityManagerFactory for persistence unit 'default'
2025-04-05T17:00:26.839-04:00  WARN 5030 --- [library-hexagonal] [SpringApplicationShutdownHook] o.s.b.f.support.DisposableBeanAdapter    : Invocation of destroy method failed on bean with name 'inMemoryDatabaseShutdownExecutor': org.h2.jdbc.JdbcSQLNonTransientConnectionException: La base de datos ya esta cerrada (para des-habilitar el cerrado automatico durante el shutdown de la VM, agregue ";DB_CLOSE_ON_EXIT=FALSE" a la URL de conexión)
Database is already closed (to disable automatic closing at VM shutdown, add ";DB_CLOSE_ON_EXIT=FALSE" to the db URL) [90121-224]
2025-04-05T17:00:26.839-04:00  INFO 5030 --- [library-hexagonal] [SpringApplicationShutdownHook] com.zaxxer.hikari.HikariDataSource       : HikariPool-1 - Shutdown initiated...
2025-04-05T17:00:26.840-04:00  INFO 5030 --- [library-hexagonal] [SpringApplicationShutdownHook] com.zaxxer.hikari.HikariDataSource       : HikariPool-1 - Shutdown completed.
2025-04-05T17:00:28.101-04:00  INFO 5038 --- [library-hexagonal] [restartedMain] c.library.LibraryHexagonalApplication    : Starting LibraryHexagonalApplication using Java 21.0.5 with PID 5038 (/Users/glopez/Documents/G/tp/library-hexagonal/target/classes started by glopez in /Users/glopez/Documents/G/tp/library-hexagonal)
2025-04-05T17:00:28.101-04:00 DEBUG 5038 --- [library-hexagonal] [restartedMain] c.library.LibraryHexagonalApplication    : Running with Spring Boot v3.2.4, Spring v6.1.5
2025-04-05T17:00:28.101-04:00  INFO 5038 --- [library-hexagonal] [restartedMain] c.library.LibraryHexagonalApplication    : No active profile set, falling back to 1 default profile: "default"
2025-04-05T17:00:28.115-04:00  INFO 5038 --- [library-hexagonal] [restartedMain] .e.DevToolsPropertyDefaultsPostProcessor : Devtools property defaults active! Set 'spring.devtools.add-properties' to 'false' to disable
2025-04-05T17:00:28.116-04:00  INFO 5038 --- [library-hexagonal] [restartedMain] .e.DevToolsPropertyDefaultsPostProcessor : For additional web related logging consider setting the 'logging.level.web' property to 'DEBUG'
2025-04-05T17:00:28.293-04:00  INFO 5038 --- [library-hexagonal] [restartedMain] .s.d.r.c.RepositoryConfigurationDelegate : Bootstrapping Spring Data JPA repositories in DEFAULT mode.
2025-04-05T17:00:28.299-04:00  INFO 5038 --- [library-hexagonal] [restartedMain] .s.d.r.c.RepositoryConfigurationDelegate : Finished Spring Data repository scanning in 3 ms. Found 0 JPA repository interfaces.
2025-04-05T17:00:28.498-04:00  INFO 5038 --- [library-hexagonal] [restartedMain] o.s.b.w.embedded.tomcat.TomcatWebServer  : Tomcat initialized with port 8080 (http)
2025-04-05T17:00:28.502-04:00  INFO 5038 --- [library-hexagonal] [restartedMain] o.apache.catalina.core.StandardService   : Starting service [Tomcat]
2025-04-05T17:00:28.502-04:00  INFO 5038 --- [library-hexagonal] [restartedMain] o.apache.catalina.core.StandardEngine    : Starting Servlet engine: [Apache Tomcat/10.1.19]
2025-04-05T17:00:28.516-04:00  INFO 5038 --- [library-hexagonal] [restartedMain] o.a.c.c.C.[Tomcat].[localhost].[/]       : Initializing Spring embedded WebApplicationContext
2025-04-05T17:00:28.517-04:00  INFO 5038 --- [library-hexagonal] [restartedMain] w.s.c.ServletWebServerApplicationContext : Root WebApplicationContext: initialization completed in 401 ms
2025-04-05T17:00:28.527-04:00  INFO 5038 --- [library-hexagonal] [restartedMain] com.zaxxer.hikari.HikariDataSource       : HikariPool-1 - Starting...
2025-04-05T17:00:28.591-04:00  INFO 5038 --- [library-hexagonal] [restartedMain] com.zaxxer.hikari.pool.HikariPool        : HikariPool-1 - Added connection conn0: url=jdbc:h2:mem:librarydb user=SA
2025-04-05T17:00:28.592-04:00  INFO 5038 --- [library-hexagonal] [restartedMain] com.zaxxer.hikari.HikariDataSource       : HikariPool-1 - Start completed.
2025-04-05T17:00:28.596-04:00  INFO 5038 --- [library-hexagonal] [restartedMain] o.s.b.a.h2.H2ConsoleAutoConfiguration    : H2 console available at '/h2-console'. Database available at 'jdbc:h2:mem:librarydb'
2025-04-05T17:00:28.641-04:00  INFO 5038 --- [library-hexagonal] [restartedMain] o.hibernate.jpa.internal.util.LogHelper  : HHH000204: Processing PersistenceUnitInfo [name: default]
2025-04-05T17:00:28.659-04:00  INFO 5038 --- [library-hexagonal] [restartedMain] org.hibernate.Version                    : HHH000412: Hibernate ORM core version 6.4.4.Final
2025-04-05T17:00:28.669-04:00  INFO 5038 --- [library-hexagonal] [restartedMain] o.h.c.internal.RegionFactoryInitiator    : HHH000026: Second-level cache disabled
2025-04-05T17:00:28.738-04:00  INFO 5038 --- [library-hexagonal] [restartedMain] o.s.o.j.p.SpringPersistenceUnitInfo      : No LoadTimeWeaver setup: ignoring JPA class transformer
2025-04-05T17:00:28.755-04:00  WARN 5038 --- [library-hexagonal] [restartedMain] org.hibernate.orm.deprecation            : HHH90000025: H2Dialect does not need to be specified explicitly using 'hibernate.dialect' (remove the property setting and it will be selected by default)
2025-04-05T17:00:28.867-04:00  INFO 5038 --- [library-hexagonal] [restartedMain] o.h.e.t.j.p.i.JtaPlatformInitiator       : HHH000489: No JTA platform available (set 'hibernate.transaction.jta.platform' to enable JTA platform integration)
2025-04-05T17:00:28.868-04:00  INFO 5038 --- [library-hexagonal] [restartedMain] j.LocalContainerEntityManagerFactoryBean : Initialized JPA EntityManagerFactory for persistence unit 'default'
2025-04-05T17:00:29.007-04:00  INFO 5038 --- [library-hexagonal] [restartedMain] o.s.b.d.a.OptionalLiveReloadServer       : LiveReload server is running on port 35729
2025-04-05T17:00:29.021-04:00  INFO 5038 --- [library-hexagonal] [restartedMain] o.s.b.w.embedded.tomcat.TomcatWebServer  : Tomcat started on port 8080 (http) with context path ''
2025-04-05T17:00:29.025-04:00  INFO 5038 --- [library-hexagonal] [restartedMain] c.library.LibraryHexagonalApplication    : Started LibraryHexagonalApplication in 1.062 seconds (process running for 1.321)
2025-04-05T17:05:01.857-04:00  INFO 5038 --- [library-hexagonal] [File Watcher] rtingClassPathChangeChangedEventListener : Restarting due to 1 class path change (1 addition, 0 deletions, 0 modifications)
2025-04-05T17:05:01.866-04:00  INFO 5038 --- [library-hexagonal] [Thread-5] j.LocalContainerEntityManagerFactoryBean : Closing JPA EntityManagerFactory for persistence unit 'default'
2025-04-05T17:05:01.870-04:00  WARN 5038 --- [library-hexagonal] [Thread-5] o.s.b.f.support.DisposableBeanAdapter    : Invocation of destroy method failed on bean with name 'inMemoryDatabaseShutdownExecutor': org.h2.jdbc.JdbcSQLNonTransientConnectionException: La base de datos ya esta cerrada (para des-habilitar el cerrado automatico durante el shutdown de la VM, agregue ";DB_CLOSE_ON_EXIT=FALSE" a la URL de conexión)
Database is already closed (to disable automatic closing at VM shutdown, add ";DB_CLOSE_ON_EXIT=FALSE" to the db URL) [90121-224]
2025-04-05T17:05:01.871-04:00  INFO 5038 --- [library-hexagonal] [Thread-5] com.zaxxer.hikari.HikariDataSource       : HikariPool-1 - Shutdown initiated...
2025-04-05T17:05:01.871-04:00  INFO 5038 --- [library-hexagonal] [Thread-5] com.zaxxer.hikari.HikariDataSource       : HikariPool-1 - Shutdown completed.
2025-04-05T17:05:01.910-04:00  INFO 5038 --- [library-hexagonal] [restartedMain] c.library.LibraryHexagonalApplication    : Starting LibraryHexagonalApplication using Java 21.0.5 with PID 5038 (/Users/glopez/Documents/G/tp/library-hexagonal/target/classes started by glopez in /Users/glopez/Documents/G/tp/library-hexagonal)
2025-04-05T17:05:01.910-04:00 DEBUG 5038 --- [library-hexagonal] [restartedMain] c.library.LibraryHexagonalApplication    : Running with Spring Boot v3.2.4, Spring v6.1.5
2025-04-05T17:05:01.910-04:00  INFO 5038 --- [library-hexagonal] [restartedMain] c.library.LibraryHexagonalApplication    : No active profile set, falling back to 1 default profile: "default"
2025-04-05T17:05:01.951-04:00  INFO 5038 --- [library-hexagonal] [restartedMain] .s.d.r.c.RepositoryConfigurationDelegate : Bootstrapping Spring Data JPA repositories in DEFAULT mode.
2025-04-05T17:05:01.953-04:00  INFO 5038 --- [library-hexagonal] [restartedMain] .s.d.r.c.RepositoryConfigurationDelegate : Finished Spring Data repository scanning in 1 ms. Found 0 JPA repository interfaces.
2025-04-05T17:05:01.984-04:00  INFO 5038 --- [library-hexagonal] [restartedMain] o.s.b.w.embedded.tomcat.TomcatWebServer  : Tomcat initialized with port 8080 (http)
2025-04-05T17:05:01.984-04:00  INFO 5038 --- [library-hexagonal] [restartedMain] o.apache.catalina.core.StandardService   : Starting service [Tomcat]
2025-04-05T17:05:01.984-04:00  INFO 5038 --- [library-hexagonal] [restartedMain] o.apache.catalina.core.StandardEngine    : Starting Servlet engine: [Apache Tomcat/10.1.19]
2025-04-05T17:05:01.990-04:00  INFO 5038 --- [library-hexagonal] [restartedMain] o.a.c.c.C.[Tomcat].[localhost].[/]       : Initializing Spring embedded WebApplicationContext
2025-04-05T17:05:01.990-04:00  INFO 5038 --- [library-hexagonal] [restartedMain] w.s.c.ServletWebServerApplicationContext : Root WebApplicationContext: initialization completed in 80 ms
2025-04-05T17:05:01.995-04:00  INFO 5038 --- [library-hexagonal] [restartedMain] com.zaxxer.hikari.HikariDataSource       : HikariPool-2 - Starting...
2025-04-05T17:05:01.996-04:00  INFO 5038 --- [library-hexagonal] [restartedMain] com.zaxxer.hikari.pool.HikariPool        : HikariPool-2 - Added connection conn5: url=jdbc:h2:mem:librarydb user=SA
2025-04-05T17:05:01.996-04:00  INFO 5038 --- [library-hexagonal] [restartedMain] com.zaxxer.hikari.HikariDataSource       : HikariPool-2 - Start completed.
2025-04-05T17:05:01.997-04:00  INFO 5038 --- [library-hexagonal] [restartedMain] o.s.b.a.h2.H2ConsoleAutoConfiguration    : H2 console available at '/h2-console'. Database available at 'jdbc:h2:mem:librarydb'
2025-04-05T17:05:02.006-04:00  INFO 5038 --- [library-hexagonal] [restartedMain] o.hibernate.jpa.internal.util.LogHelper  : HHH000204: Processing PersistenceUnitInfo [name: default]
2025-04-05T17:05:02.006-04:00  INFO 5038 --- [library-hexagonal] [restartedMain] o.h.c.internal.RegionFactoryInitiator    : HHH000026: Second-level cache disabled
2025-04-05T17:05:02.007-04:00  INFO 5038 --- [library-hexagonal] [restartedMain] o.s.o.j.p.SpringPersistenceUnitInfo      : No LoadTimeWeaver setup: ignoring JPA class transformer
2025-04-05T17:05:02.008-04:00  WARN 5038 --- [library-hexagonal] [restartedMain] org.hibernate.orm.deprecation            : HHH90000025: H2Dialect does not need to be specified explicitly using 'hibernate.dialect' (remove the property setting and it will be selected by default)
2025-04-05T17:05:02.012-04:00  INFO 5038 --- [library-hexagonal] [restartedMain] o.h.e.t.j.p.i.JtaPlatformInitiator       : HHH000489: No JTA platform available (set 'hibernate.transaction.jta.platform' to enable JTA platform integration)
2025-04-05T17:05:02.012-04:00  INFO 5038 --- [library-hexagonal] [restartedMain] j.LocalContainerEntityManagerFactoryBean : Initialized JPA EntityManagerFactory for persistence unit 'default'
2025-04-05T17:05:02.071-04:00  INFO 5038 --- [library-hexagonal] [restartedMain] o.s.b.d.a.OptionalLiveReloadServer       : LiveReload server is running on port 35729
2025-04-05T17:05:02.076-04:00  INFO 5038 --- [library-hexagonal] [restartedMain] o.s.b.w.embedded.tomcat.TomcatWebServer  : Tomcat started on port 8080 (http) with context path ''
2025-04-05T17:05:02.077-04:00  INFO 5038 --- [library-hexagonal] [restartedMain] c.library.LibraryHexagonalApplication    : Started LibraryHexagonalApplication in 0.177 seconds (process running for 274.373)
2025-04-05T17:05:02.078-04:00  INFO 5038 --- [library-hexagonal] [restartedMain] .ConditionEvaluationDeltaLoggingListener : Condition evaluation unchanged
2025-04-05T17:05:31.770-04:00  INFO 5038 --- [library-hexagonal] [SpringApplicationShutdownHook] j.LocalContainerEntityManagerFactoryBean : Closing JPA EntityManagerFactory for persistence unit 'default'
2025-04-05T17:05:31.771-04:00  WARN 5038 --- [library-hexagonal] [SpringApplicationShutdownHook] o.s.b.f.support.DisposableBeanAdapter    : Invocation of destroy method failed on bean with name 'inMemoryDatabaseShutdownExecutor': org.h2.jdbc.JdbcSQLNonTransientConnectionException: La base de datos ya esta cerrada (para des-habilitar el cerrado automatico durante el shutdown de la VM, agregue ";DB_CLOSE_ON_EXIT=FALSE" a la URL de conexión)
Database is already closed (to disable automatic closing at VM shutdown, add ";DB_CLOSE_ON_EXIT=FALSE" to the db URL) [90121-224]
2025-04-05T17:05:31.771-04:00  INFO 5038 --- [library-hexagonal] [SpringApplicationShutdownHook] com.zaxxer.hikari.HikariDataSource       : HikariPool-2 - Shutdown initiated...
2025-04-05T17:05:31.771-04:00  INFO 5038 --- [library-hexagonal] [SpringApplicationShutdownHook] com.zaxxer.hikari.HikariDataSource       : HikariPool-2 - Shutdown completed.
